{
    "numFailedTestSuites": 0,
    "numFailedTests": 0,
    "numPassedTestSuites": 4,
    "numPassedTests": 19,
    "numPendingTestSuites": 0,
    "numPendingTests": 0,
    "numRuntimeErrorTestSuites": 0,
    "numTodoTests": 0,
    "numTotalTestSuites": 4,
    "numTotalTests": 19,
    "openHandles": [],
    "snapshot": {
        "added": 0,
        "didUpdate": false,
        "failure": false,
        "filesAdded": 0,
        "filesRemoved": 0,
        "filesRemovedList": [],
        "filesUnmatched": 0,
        "filesUpdated": 0,
        "matched": 0,
        "total": 0,
        "unchecked": 0,
        "uncheckedKeysByFile": [],
        "unmatched": 0,
        "updated": 0
    },
    "startTime": 1680845822211,
    "success": true,
    "testResults": [
        {
            "assertionResults": [
                {
                    "ancestorTitles": ["AgentsResolver"],
                    "duration": 89,
                    "failureDetails": [],
                    "failureMessages": [],
                    "fullName": "AgentsResolver should create a new agent",
                    "invocations": 1,
                    "location": null,
                    "numPassingAsserts": 9,
                    "retryReasons": [],
                    "status": "passed",
                    "title": "should create a new agent"
                },
                {
                    "ancestorTitles": ["AgentsResolver"],
                    "duration": 9,
                    "failureDetails": [],
                    "failureMessages": [],
                    "fullName": "AgentsResolver should update an existing agent",
                    "invocations": 1,
                    "location": null,
                    "numPassingAsserts": 4,
                    "retryReasons": [],
                    "status": "passed",
                    "title": "should update an existing agent"
                },
                {
                    "ancestorTitles": ["AgentsResolver"],
                    "duration": 3,
                    "failureDetails": [],
                    "failureMessages": [],
                    "fullName": "AgentsResolver should delete an existing agent",
                    "invocations": 1,
                    "location": null,
                    "numPassingAsserts": 2,
                    "retryReasons": [],
                    "status": "passed",
                    "title": "should delete an existing agent"
                },
                {
                    "ancestorTitles": ["AgentsResolver"],
                    "duration": 2,
                    "failureDetails": [],
                    "failureMessages": [],
                    "fullName": "AgentsResolver should return all agents",
                    "invocations": 1,
                    "location": null,
                    "numPassingAsserts": 3,
                    "retryReasons": [],
                    "status": "passed",
                    "title": "should return all agents"
                }
            ],
            "endTime": 1680845825693,
            "message": "",
            "name": "/Users/hassankhawar/Documents/fyp/SupplyChain-Backend/src/tests/AgentsResolver.test.ts",
            "startTime": 1680845822366,
            "status": "passed",
            "summary": ""
        },
        {
            "assertionResults": [
                {
                    "ancestorTitles": ["CategoryResolver", "createCategory"],
                    "duration": 13,
                    "failureDetails": [],
                    "failureMessages": [],
                    "fullName": "CategoryResolver createCategory should create a new category",
                    "invocations": 1,
                    "location": null,
                    "numPassingAsserts": 11,
                    "retryReasons": [],
                    "status": "passed",
                    "title": "should create a new category"
                },
                {
                    "ancestorTitles": ["CategoryResolver", "createCategory"],
                    "duration": 16,
                    "failureDetails": [],
                    "failureMessages": [],
                    "fullName": "CategoryResolver createCategory should throw an error if the category already exists",
                    "invocations": 1,
                    "location": null,
                    "numPassingAsserts": 1,
                    "retryReasons": [],
                    "status": "passed",
                    "title": "should throw an error if the category already exists"
                },
                {
                    "ancestorTitles": ["CategoryResolver"],
                    "duration": 6,
                    "failureDetails": [],
                    "failureMessages": [],
                    "fullName": "CategoryResolver should return all the categories",
                    "invocations": 1,
                    "location": null,
                    "numPassingAsserts": 4,
                    "retryReasons": [],
                    "status": "passed",
                    "title": "should return all the categories"
                },
                {
                    "ancestorTitles": ["CategoryResolver"],
                    "duration": 10,
                    "failureDetails": [],
                    "failureMessages": [],
                    "fullName": "CategoryResolver should return a category by ID",
                    "invocations": 1,
                    "location": null,
                    "numPassingAsserts": 5,
                    "retryReasons": [],
                    "status": "passed",
                    "title": "should return a category by ID"
                },
                {
                    "ancestorTitles": ["CategoryResolver"],
                    "duration": 5,
                    "failureDetails": [],
                    "failureMessages": [],
                    "fullName": "CategoryResolver should return error if the category does not exist",
                    "invocations": 1,
                    "location": null,
                    "numPassingAsserts": 1,
                    "retryReasons": [],
                    "status": "passed",
                    "title": "should return error if the category does not exist"
                },
                {
                    "ancestorTitles": ["CategoryResolver"],
                    "duration": 10,
                    "failureDetails": [],
                    "failureMessages": [],
                    "fullName": "CategoryResolver should update a category",
                    "invocations": 1,
                    "location": null,
                    "numPassingAsserts": 7,
                    "retryReasons": [],
                    "status": "passed",
                    "title": "should update a category"
                }
            ],
            "endTime": 1680845825737,
            "message": "",
            "name": "/Users/hassankhawar/Documents/fyp/SupplyChain-Backend/src/tests/CategoryResolver.test.ts",
            "startTime": 1680845822362,
            "status": "passed",
            "summary": ""
        },
        {
            "assertionResults": [
                {
                    "ancestorTitles": ["Raw Material Resolver"],
                    "duration": 59,
                    "failureDetails": [],
                    "failureMessages": [],
                    "fullName": "Raw Material Resolver should create a new raw material",
                    "invocations": 1,
                    "location": null,
                    "numPassingAsserts": 4,
                    "retryReasons": [],
                    "status": "passed",
                    "title": "should create a new raw material"
                },
                {
                    "ancestorTitles": ["Raw Material Resolver"],
                    "duration": 28,
                    "failureDetails": [],
                    "failureMessages": [],
                    "fullName": "Raw Material Resolver should return error if raw material already exists",
                    "invocations": 1,
                    "location": null,
                    "numPassingAsserts": 2,
                    "retryReasons": [],
                    "status": "passed",
                    "title": "should return error if raw material already exists"
                },
                {
                    "ancestorTitles": ["Raw Material Resolver"],
                    "duration": 9,
                    "failureDetails": [],
                    "failureMessages": [],
                    "fullName": "Raw Material Resolver should update a raw material",
                    "invocations": 1,
                    "location": null,
                    "numPassingAsserts": 4,
                    "retryReasons": [],
                    "status": "passed",
                    "title": "should update a raw material"
                },
                {
                    "ancestorTitles": ["Raw Material Resolver"],
                    "duration": 14,
                    "failureDetails": [],
                    "failureMessages": [],
                    "fullName": "Raw Material Resolver should create a request for raw materials",
                    "invocations": 1,
                    "location": null,
                    "numPassingAsserts": 4,
                    "retryReasons": [],
                    "status": "passed",
                    "title": "should create a request for raw materials"
                },
                {
                    "ancestorTitles": ["Raw Material Resolver"],
                    "duration": 9,
                    "failureDetails": [],
                    "failureMessages": [],
                    "fullName": "Raw Material Resolver should update status of raw material request to approved",
                    "invocations": 1,
                    "location": null,
                    "numPassingAsserts": 5,
                    "retryReasons": [],
                    "status": "passed",
                    "title": "should update status of raw material request to approved"
                },
                {
                    "ancestorTitles": ["Raw Material Resolver"],
                    "duration": 4,
                    "failureDetails": [],
                    "failureMessages": [],
                    "fullName": "Raw Material Resolver should update status of raw material request to rejected",
                    "invocations": 1,
                    "location": null,
                    "numPassingAsserts": 5,
                    "retryReasons": [],
                    "status": "passed",
                    "title": "should update status of raw material request to rejected"
                },
                {
                    "ancestorTitles": ["Raw Material Resolver"],
                    "duration": 7,
                    "failureDetails": [],
                    "failureMessages": [],
                    "fullName": "Raw Material Resolver should return all the raw materials requested",
                    "invocations": 1,
                    "location": null,
                    "numPassingAsserts": 5,
                    "retryReasons": [],
                    "status": "passed",
                    "title": "should return all the raw materials requested"
                }
            ],
            "endTime": 1680845825751,
            "message": "",
            "name": "/Users/hassankhawar/Documents/fyp/SupplyChain-Backend/src/tests/RawMaterialResolver.test.ts",
            "startTime": 1680845822362,
            "status": "passed",
            "summary": ""
        },
        {
            "assertionResults": [
                {
                    "ancestorTitles": ["Product Resolver"],
                    "duration": 42,
                    "failureDetails": [],
                    "failureMessages": [],
                    "fullName": "Product Resolver should create a new product",
                    "invocations": 1,
                    "location": null,
                    "numPassingAsserts": 11,
                    "retryReasons": [],
                    "status": "passed",
                    "title": "should create a new product"
                },
                {
                    "ancestorTitles": ["Product Resolver"],
                    "duration": 31,
                    "failureDetails": [],
                    "failureMessages": [],
                    "fullName": "Product Resolver should return error for creating duplicate product",
                    "invocations": 1,
                    "location": null,
                    "numPassingAsserts": 2,
                    "retryReasons": [],
                    "status": "passed",
                    "title": "should return error for creating duplicate product"
                }
            ],
            "endTime": 1680845825760,
            "message": "",
            "name": "/Users/hassankhawar/Documents/fyp/SupplyChain-Backend/src/tests/ProductResolver.test.ts",
            "startTime": 1680845822362,
            "status": "passed",
            "summary": ""
        }
    ],
    "wasInterrupted": false
}
